<?xml version="1.0" encoding="windows-1252" standalone="no"?>
<!DOCTYPE log SYSTEM "logger.dtd">
<log>
<record>
  <date>2022-05-23T07:04:12.191637500Z</date>
  <millis>1653289452191</millis>
  <nanos>637500</nanos>
  <sequence>0</sequence>
  <logger>org.uma.jmetal.util.JMetalLogger</logger>
  <level>INFO</level>
  <class>org.uma.jmetal.util.JMetalLogger</class>
  <method>configureLoggers</method>
  <thread>1</thread>
  <message>Loggers configured with null</message>
</record>
<record>
  <date>2022-05-23T07:04:12.259638600Z</date>
  <millis>1653289452259</millis>
  <nanos>638600</nanos>
  <sequence>1</sequence>
  <logger>org.uma.jmetal.util.JMetalLogger</logger>
  <level>INFO</level>
  <class>org.uma.jmetal.algorithm.multiobjective.nsgaiii.NSGAIII</class>
  <method>&lt;init&gt;</method>
  <thread>1</thread>
  <message>rpssize: 6</message>
</record>
</log>
